<?xml version="1.0" encoding="UTF-8"?>
<testsuite xmlns:xsi="http://www.w3.org/2001/XMLSchema-instance" xsi:noNamespaceSchemaLocation="https://maven.apache.org/surefire/maven-surefire-plugin/xsd/surefire-test-report-3.0.xsd" version="3.0" name="TestSuite" time="238.649" tests="20" errors="0" skipped="0" failures="0">
  <properties>
[...]
</properties>
  <testcase name="runScenario[&quot;browser initialization&quot;, &quot;Initializing different web browsers&quot;](1)" classname="tests.Cucumber_testrunner" time="134.956">
    <system-err><![CDATA[SLF4J(W): No SLF4J providers were found.
SLF4J(W): Defaulting to no-operation (NOP) logger implementation
SLF4J(W): See https://www.slf4j.org/codes.html#noProviders for further details.
log4j:WARN No appenders could be found for logger (io.netty.util.internal.logging.InternalLoggerFactory).
log4j:WARN Please initialize the log4j system properly.
log4j:WARN See http://logging.apache.org/log4j/1.2/faq.html#noconfig for more info.
Starting msedgedriver 141.0.3537.99 (1b2f83d6a142649a51f4a215d0620f49a8e98405) on port 14146
To submit feedback, report a bug, or suggest new features, please visit https://github.com/MicrosoftEdge/EdgeWebDriver

Only local connections are allowed.
Please see https://aka.ms/WebDriverSecurity for suggestions on keeping Microsoft Edge WebDriver safe.
msedgedriver was started successfully on port 14146.
Oct 26, 2025 10:39:30 PM org.openqa.selenium.devtools.CdpVersionFinder findNearestMatch
WARNING: Unable to find CDP implementation matching 141
Oct 26, 2025 10:39:30 PM org.openqa.selenium.chromium.ChromiumDriver lambda$new$3
WARNING: Unable to find version of CDP to use for . You may need to include a dependency on a specific version of the CDP using something similar to `org.seleniumhq.selenium:selenium-devtools-v86:4.9.0` where the version ("v86") matches the version of the chromium-based browser you're using and the version number of the artifact is the same as Selenium's.
]]></system-err>
  </testcase>
  <testcase name="runScenario[&quot;browser initialization&quot;, &quot;Initializing different web browsers&quot;](2)" classname="tests.Cucumber_testrunner" time="8.34">
    <system-err><![CDATA[Starting ChromeDriver 141.0.7390.122 (b477534e7e10d193e916cd4e2967c589383625b2-refs/branch-heads/7390@{#2667}) on port 2235
Only local connections are allowed.
Please see https://chromedriver.chromium.org/security-considerations for suggestions on keeping ChromeDriver safe.
ChromeDriver was started successfully on port 2235.
Oct 26, 2025 10:39:40 PM org.openqa.selenium.devtools.CdpVersionFinder findNearestMatch
WARNING: Unable to find CDP implementation matching 141
Oct 26, 2025 10:39:40 PM org.openqa.selenium.chromium.ChromiumDriver lambda$new$3
WARNING: Unable to find version of CDP to use for . You may need to include a dependency on a specific version of the CDP using something similar to `org.seleniumhq.selenium:selenium-devtools-v86:4.9.0` where the version ("v86") matches the version of the chromium-based browser you're using and the version number of the artifact is the same as Selenium's.
]]></system-err>
  </testcase>
  <testcase name="runScenario[&quot;Open url&quot;, &quot;Initializing different web browsers&quot;](3)" classname="tests.Cucumber_testrunner" time="2.426"/>
  <testcase name="runScenario[&quot;Open url&quot;, &quot;Initializing different web browsers&quot;](4)" classname="tests.Cucumber_testrunner" time="1.481"/>
  <testcase name="runScenario[&quot;Registration&quot;, &quot;Initializing different web browsers&quot;](5)" classname="tests.Cucumber_testrunner" time="1.784"/>
  <testcase name="runScenario[&quot;Registration&quot;, &quot;Initializing different web browsers&quot;](6)" classname="tests.Cucumber_testrunner" time="0.99"/>
  <testcase name="runScenario[&quot;Register&quot;, &quot;Initializing different web browsers&quot;](7)" classname="tests.Cucumber_testrunner" time="2.478"/>
  <testcase name="runScenario[&quot;Register&quot;, &quot;Initializing different web browsers&quot;](8)" classname="tests.Cucumber_testrunner" time="2.941"/>
  <testcase name="runScenario[&quot;Logout to Login&quot;, &quot;Initializing different web browsers&quot;](9)" classname="tests.Cucumber_testrunner" time="3.387"/>
  <testcase name="runScenario[&quot;Logout to Login&quot;, &quot;Initializing different web browsers&quot;](10)" classname="tests.Cucumber_testrunner" time="1.933"/>
  <testcase name="runScenario[&quot;Open login page&quot;, &quot;Initializing different web browsers&quot;](11)" classname="tests.Cucumber_testrunner" time="1.135"/>
  <testcase name="runScenario[&quot;Open login page&quot;, &quot;Initializing different web browsers&quot;](12)" classname="tests.Cucumber_testrunner" time="0.861"/>
  <testcase name="runScenario[&quot;Login&quot;, &quot;Initializing different web browsers&quot;](13)" classname="tests.Cucumber_testrunner" time="2.698"/>
  <testcase name="runScenario[&quot;Login&quot;, &quot;Initializing different web browsers&quot;](14)" classname="tests.Cucumber_testrunner" time="2.58"/>
  <testcase name="runScenario[&quot;Counting number of links&quot;, &quot;Initializing different web browsers&quot;](15)" classname="tests.Cucumber_testrunner" time="0.445"/>
  <testcase name="runScenario[&quot;Counting number of links&quot;, &quot;Initializing different web browsers&quot;](16)" classname="tests.Cucumber_testrunner" time="0.306"/>
  <testcase name="runScenario[&quot;Opening each link in list on&quot;, &quot;Initializing different web browsers&quot;](17)" classname="tests.Cucumber_testrunner" time="31.828"/>
  <testcase name="runScenario[&quot;Opening each link in list on&quot;, &quot;Initializing different web browsers&quot;](18)" classname="tests.Cucumber_testrunner" time="31.627"/>
  <testcase name="runScenario[&quot;Logout&quot;, &quot;Initializing different web browsers&quot;](19)" classname="tests.Cucumber_testrunner" time="2.289"/>
  <testcase name="runScenario[&quot;Logout&quot;, &quot;Initializing different web browsers&quot;](20)" classname="tests.Cucumber_testrunner" time="2.117"/>
</testsuite>